<?xml version="1.0" encoding="UTF-8"?>
<!-- Generated by org.testng.reporters.JUnitReportReporter -->
<testsuite hostname="shrutis-MacBook-Air.local" failures="0" tests="2" name="TC01_Get" time="2.763" errors="0" timestamp="2023-01-15T01:24:10 AEDT" skipped="0">
  <testcase classname="TC01_Get" name="test_01" time="1.929"/>
  <system-out/>
  <testcase classname="TC01_Get" name="test_02" time="0.834"/>
  <system-out/>
</testsuite> <!-- TC01_Get -->
